# gather option : cog
         0.0014              0
         0.0042              0
          0.007              0
         0.0098              0
         0.0126              0
         0.0154              0
         0.0182              0
          0.021              0
         0.0238              0
         0.0266              0
         0.0294              0
         0.0322              0
          0.035              0
         0.0378              0
         0.0406              0
         0.0434              0
         0.0462              0
          0.049              0
         0.0518              0
         0.0546              0
         0.0574              0
         0.0602              0
          0.063              0
         0.0658              0
         0.0686              0
         0.0714              0
         0.0742              0
          0.077              0
         0.0798              0
         0.0826              0
         0.0854              0
         0.0882              0
          0.091              0
         0.0938              0
         0.0966              0
         0.0994              0
         0.1022              0
          0.105              0
         0.1078              0
         0.1106              0
         0.1134              0
         0.1162              0
          0.119              0
         0.1218              0
         0.1246              0
         0.1274              0
         0.1302              0
          0.133              0
         0.1358              0
         0.1386              0
         0.1414              0
         0.1442              0
          0.147              0
         0.1498              0
         0.1526              0
         0.1554              0
         0.1582              0
          0.161              0
         0.1638              0
         0.1666              0
         0.1694              0
         0.1722              0
          0.175              0
         0.1778     2.47942643
         0.1806              0
         0.1834              0
         0.1862              0
          0.189              0
         0.1918              0
         0.1946              0
         0.1974              0
         0.2002              0
          0.203              0
         0.2058              0
         0.2086              0
         0.2114              0
         0.2142              0
          0.217              0
         0.2198              0
         0.2226              0
         0.2254              0
         0.2282              0
          0.231              0
         0.2338              0
         0.2366              0
         0.2394              0
         0.2422              0
          0.245     1.30581776
         0.2478              0
         0.2506              0
         0.2534              0
         0.2562              0
          0.259              0
         0.2618              0
         0.2646              0
         0.2674              0
         0.2702     1.07360382
          0.273              0
         0.2758              0
         0.2786              0
         0.2814              0
         0.2842    0.970435314
          0.287              0
         0.2898              0
         0.2926              0
         0.2954              0
         0.2982    0.881453611
          0.301              0
         0.3038              0
         0.3066     0.83381641
         0.3094              0
         0.3122              0
          0.315              0
         0.3178              0
         0.3206    0.762584025
         0.3234              0
         0.3262              0
          0.329              0
         0.3318              0
         0.3346              0
         0.3374    0.688532719
         0.3402              0
          0.343     0.66623355
         0.3458    0.655488024
         0.3486              0
         0.3514              0
         0.3542              0
          0.357              0
         0.3598              0
         0.3626     0.59615493
         0.3654              0
         0.3682              0
          0.371              0
         0.3738     1.12193098
         0.3766              0
         0.3794              0
         0.3822              0
          0.385    0.528802233
         0.3878     1.04238733
         0.3906              0
         0.3934    0.506461023
         0.3962    0.499327859
          0.399    0.492344338
         0.4018    0.971012611
         0.4046              0
         0.4074    0.472250787
         0.4102    0.465825681
          0.413    0.459530811
         0.4158              0
         0.4186    0.447317914
         0.4214    0.441393239
         0.4242    0.435585497
          0.427              0
         0.4298              0
         0.4326    0.418833787
         0.4354              0
         0.4382    0.816394346
          0.441    0.403030172
         0.4438    0.397960661
         0.4466    0.785972403
         0.4494    0.388104433
         0.4522              0
          0.455              0
         0.4578    0.373992732
         0.4606    0.738919058
         0.4634              0
         0.4662    0.360636933
          0.469              0
         0.4718    0.704253253
         0.4746              0
         0.4774    0.343914043
         0.4802    0.679830153
          0.483    0.671970911
         0.4858    0.664247172
         0.4886    0.656655838
         0.4914              0
         0.4942    0.641858435
          0.497      0.6346466
         0.4998              0
         0.5026    0.310291423
         0.5054    0.306862815
         0.5082              0
          0.511    0.300173908
         0.5138    0.593822344
         0.5166    0.881104036
         0.5194    0.581086578
         0.5222     0.86230769
          0.525     0.28437809
         0.5278    0.562737638
         0.5306    0.278407062
         0.5334    0.550983651
         0.5362              0
          0.539              0
         0.5418    0.267015663
         0.5446    0.264277059
         0.5474    0.523160744
         0.5502              0
          0.553    0.256309366
         0.5558              0
         0.5586              0
         0.5614    0.497393286
         0.5642              0
          0.567    0.487616752
         0.5698    0.241418112
         0.5726    0.478125655
         0.5754    0.236741843
         0.5782    0.234454496
          0.581    0.232200139
         0.5838    0.459956281
         0.5866     0.45557577
         0.5894    0.676886311
         0.5922    0.223500209
          0.595              0
         0.5978    0.657997393
         0.6006              0
         0.6034    0.430560439
         0.6062    0.213296081
          0.609              0
         0.6118    0.418818435
         0.6146    0.207505507
         0.6174              0
         0.6202    0.407550294
          0.623              0
         0.6258              0
         0.6286    0.595096287
         0.6314    0.196609991
         0.6342     0.58463326
          0.637              0
         0.6398    0.382962512
         0.6426              0
         0.6454    0.188172787
         0.6482    0.186550615
          0.651     0.18494933
         0.6538    0.366737147
         0.6566    0.363615994
         0.6594              0
         0.6622     1.25122216
          0.665    0.531731885
         0.6678    0.175760755
         0.6706    0.348592177
         0.6734    0.691398617
         0.6762    0.685684603
          0.679              0
         0.6818    0.505850286
         0.6846    0.167240305
         0.6874    0.165880633
         0.6902    0.658149902
          0.693    0.163210566
         0.6958    0.161899643
         0.6986    0.642417803
         0.7014    0.477974218
         0.7042    0.632241049
          0.707    0.470432336
         0.7098    0.311152106
         0.7126    0.154355853
         0.7154    0.459449859
         0.7182      1.0637069
          0.721     0.45234049
         0.7238    0.598463369
         0.7266    0.742324777
         0.7294    0.147327297
         0.7322     1.16962132
          0.735    0.290181724
         0.7378     1.00794185
         0.7406    0.428714901
         0.7434              0
         0.7462    0.422304301
          0.749    0.698587979
         0.7518    0.554715228
         0.7546     0.27530312
         0.7574    0.683178424
         0.7602    0.271262028
          0.763    0.269274767
         0.7658    0.400963897
         0.7686    0.530730407
         0.7714    0.526884547
         0.7742    0.130770085
          0.777    0.778975775
         0.7798    0.644493115
         0.7826    0.511911686
         0.7854    0.381201148
         0.7882    0.378497603
          0.791    0.751645432
         0.7938    0.124392029
         0.7966    0.617595524
         0.7994     0.49062135
         0.8022    0.730803594
          0.805    0.967638112
         0.8078    0.840823966
         0.8106    0.715735883
         0.8134    0.829286209
         0.8162    0.470632105
          0.819    0.934839217
         0.8218    0.232119946
         0.8246    0.345819384
         0.8274    0.228988516
         0.8302     0.22744651
          0.833    0.338880041
         0.8358    0.336613291
         0.8386    0.557282015
         0.8414    0.442863324
         0.8442    0.219965231
          0.847    0.437026639
         0.8498    0.217075736
         0.8526    0.215652292
         0.8554    0.535607009
         0.8582    0.638541266
          0.861    0.951592358
         0.8638    0.525240667
         0.8666    0.939333648
         0.8694    0.311097644
         0.8722    0.309103434
          0.875    0.921385011
         0.8778    0.712068258
         0.8806    0.404312686
         0.8834    0.100438438
         0.8862    0.299414275
          0.889    0.793416457
         0.8918   0.0985552589
         0.8946     0.48969645
         0.8974    0.681303545
         0.9002    0.773796408
          0.903    0.384502555
         0.9058    0.191064544
         0.9086    0.664610678
         0.9114    0.566171418
         0.9142     1.03163244
          0.917    0.559277462
         0.9198    0.555877607
         0.9226     0.27625433
         0.9254    0.366113498
         0.9282    0.636838999
          0.931    0.452152964
         0.9338     0.53933456
         0.9366    0.178704887
         0.9394    0.355282339
         0.9422    0.529760764
          0.945   0.0877710153
         0.9478     0.52351916
         0.9506    0.433699702
         0.9534    0.258693609
         0.9562    0.428634639
          0.959    0.340908254
         0.9618    0.423657792
         0.9646    0.505442172
         0.9674    0.502520547
         0.9702    0.499624181
          0.973    0.662337044
         0.9758    0.164635356
         0.9786    0.736625631
         0.9814    0.325523708
         0.9842    0.485511217
          0.987    0.402300376
         0.9898    0.720049494
         0.9926    0.636438121
         0.9954    0.474646974
         0.9982    0.550652542
          1.001     0.31290073
         1.0038   0.0777893883
         1.0066    0.232071678
         1.0094    0.461571929
         1.0122    0.765036355
          1.015    0.684739158
         1.0178    0.453984574
         1.0206     0.60199599
         1.0234      0.2245149
         1.0262    0.446582776
          1.029      0.4441557
         1.0318    0.368123631
         1.0346    0.512587287
         1.0374    0.655488024
         1.0402    0.579523468
          1.043    0.216156041
         1.0458    0.573333675
         1.0486    0.427706926
         1.0514    0.354526578
         1.0542    0.493704125
          1.057    0.771715903
         1.0598    0.279143102
         1.0626    0.138836965
         1.0654    0.483378572
         1.0682    0.412155256
          1.071    0.205001506
         1.0738    0.815735168
         1.0766    0.270499197
         1.0794    0.269097649
         1.0822    0.267706966
          1.085    0.399490553
         1.0878    0.463676057
         1.0906    0.461298235
         1.0934    0.458938657
         1.0962    0.326140812
          1.099    0.973443195
         1.1018    0.387400747
         1.1046    0.578158841
         1.1074    0.511323423
         1.1102    0.508747491
          1.113    0.506190975
         1.1158    0.503653681
         1.1186    0.375851562
         1.1214    0.498635992
         1.1242    0.186058207
          1.127    0.617116143
         1.1298     0.36843667
         1.1326    0.427720105
         1.1354    0.729622479
         1.1382    0.544527837
          1.141    0.481652077
         1.1438    0.239648407
         1.1466    0.476958784
         1.1494     0.47463782
         1.1522    0.295208598
          1.155    0.352534822
         1.1578    0.467775677
         1.1606    0.290950837
         1.1634    0.115820815
         1.1662    0.461061281
          1.169    0.172070718
         1.1718    0.513748139
         1.1746    0.738546932
         1.1774    0.678496985
         1.1802    0.281367235
          1.183    0.336044275
         1.1858    0.501688743
         1.1886    0.499327859
         1.1914    0.662644799
         1.1942    0.384732297
          1.197    0.328229559
         1.1998    0.762298491
         1.2026    0.325179823
         1.2054    0.485506305
         1.2082    0.483258594
          1.211    0.481026456
         1.2138    0.585211913
         1.2166    0.582521287
         1.2194    0.368994929
         1.2222    0.734612335
          1.225    0.470094393
         1.2278    0.623936981
         1.2306    0.310550454
         1.2334    0.669807804
         1.2362     0.41032431
          1.239    0.663766728
         1.2418    0.762434759
         1.2446    0.607206472
         1.2474    0.201494526
         1.2502    0.451334217
          1.253    0.199697482
         1.2558    0.447317914
         1.2586    0.395848744
         1.2614    0.147784995
         1.2642    0.392349546
          1.267    0.244135825
         1.2698    0.777793083
         1.2726    0.483983885
         1.2754    0.530047267
         1.2782    0.527727588
          1.281    0.525423103
         1.2838    0.428018466
         1.2866    0.426157518
         1.2894    0.660035726
         1.2922    0.375530532
          1.295    0.467385465
         1.2978    0.418833787
         1.3006    0.463369282
         1.3034    0.276828345
         1.3062    0.275642786
          1.309    0.365953102
         1.3118    0.592137872
         1.3146    0.272131449
         1.3174    0.270975903
         1.3202    0.539655402
          1.323    0.358249042
         1.3258    0.535106167
         1.3286    0.577257515
         1.3314    0.486396363
         1.3342     0.52838942
          1.337    0.306937509
         1.3398    0.436651335
         1.3426    0.565281543
         1.3454    0.389721533
         1.3482    0.517472577
          1.351    0.171776612
         1.3538    0.470433678
         1.3566    0.340722725
         1.3594    0.551395935
         1.3622     0.71809501
          1.365    0.546880942
         1.3678    0.544644212
         1.3706    0.500696471
         1.3734     0.41554748
         1.3762    0.662173223
          1.379    0.824358656
         1.3818    0.697867999
         1.3846    0.613277941
         1.3874    0.407203366
         1.3902    0.648903555
          1.393    0.727084709
         1.3958    0.563243757
         1.3986    0.721273866
