# gather option : cog
         0.0014              0
         0.0042              0
          0.007              0
         0.0098              0
         0.0126              0
         0.0154              0
         0.0182              0
          0.021              0
         0.0238              0
         0.0266              0
         0.0294              0
         0.0322              0
          0.035              0
         0.0378              0
         0.0406              0
         0.0434              0
         0.0462              0
          0.049              0
         0.0518              0
         0.0546              0
         0.0574              0
         0.0602              0
          0.063              0
         0.0658              0
         0.0686              0
         0.0714              0
         0.0742              0
          0.077              0
         0.0798              0
         0.0826              0
         0.0854              0
         0.0882              0
          0.091              0
         0.0938              0
         0.0966              0
         0.0994              0
         0.1022              0
          0.105              0
         0.1078              0
         0.1106              0
         0.1134              0
         0.1162              0
          0.119              0
         0.1218              0
         0.1246              0
         0.1274              0
         0.1302              0
          0.133              0
         0.1358              0
         0.1386              0
         0.1414              0
         0.1442              0
          0.147              0
         0.1498              0
         0.1526              0
         0.1554              0
         0.1582              0
          0.161              0
         0.1638              0
         0.1666              0
         0.1694              0
         0.1722     2.46841118
          0.175              0
         0.1778              0
         0.1806     2.24413153
         0.1834              0
         0.1862              0
          0.189              0
         0.1918     5.96908617
         0.1946     1.93284989
         0.1974              0
         0.2002              0
          0.203              0
         0.2058              0
         0.2086              0
         0.2114              0
         0.2142              0
          0.217              0
         0.2198              0
         0.2226     1.47718021
         0.2254              0
         0.2282     1.40557013
          0.231     1.37170221
         0.2338              0
         0.2366              0
         0.2394     2.55426236
         0.2422              0
          0.245              0
         0.2478              0
         0.2506              0
         0.2534     1.13991004
         0.2562     1.11513013
          0.259              0
         0.2618              0
         0.2646              0
         0.2674      2.0473448
         0.2702              0
          0.273              0
         0.2758              0
         0.2786    0.943021459
         0.2814    0.924348229
         0.2842    0.906224194
          0.287     1.77725605
         0.2898     1.74307885
         0.2926    0.854939053
         0.2954     0.83880849
         0.2982              0
          0.301    0.807887351
         0.3038    0.793064045
         0.3066              0
         0.3094    0.764615647
         0.3122              0
          0.315    0.737670969
         0.3178     1.44945925
         0.3206     1.42425174
         0.3234    0.699848069
         0.3262    0.687885074
          0.329     2.02867865
         0.3318     2.65944509
         0.3346              0
         0.3374    0.642974343
         0.3402     1.89730187
          0.343     0.62215065
         0.3458    0.612116127
         0.3486    0.602322427
         0.3514    0.592761905
         0.3542     1.16685444
          0.357    0.574311308
         0.3598    0.565407391
         0.3626              0
         0.3654    0.548209697
         0.3682     1.07980722
          0.371     1.06356975
         0.3738              0
         0.3766    0.516087296
         0.3794     0.50849788
         0.3822    0.501074653
          0.385     1.48143839
         0.3878     0.97341534
         0.3906     1.43926438
         0.3934    0.945899692
         0.3962    0.466288664
          0.399    0.459767224
         0.4018    0.453381646
         0.4046              0
         0.4074     0.44100321
         0.4102    0.435003236
          0.413    0.858249763
         0.4158     1.69345952
         0.4186     1.67088032
         0.4214     1.23656227
         0.4242    0.813527928
          0.427    0.401446845
         0.4298              0
         0.4326    0.391120671
         0.4354              0
         0.4382    0.762375706
          0.441    0.376362739
         0.4438    0.371628664
         0.4466    0.366983351
         0.4494    0.724849192
         0.4522    0.715900522
          0.455     0.70711655
         0.4578     1.74623315
         0.4606    0.690026751
         0.4634     1.70428313
         0.4662              0
          0.469    0.665530725
         0.4718    0.986482036
         0.4746    0.324958822
         0.4774      0.9634745
         0.4802    0.952271404
          0.483    0.313754193
         0.4858    0.620295705
         0.4886     0.61320667
         0.4914     1.21247694
         0.4942    0.299694186
          0.497    0.888980586
         0.4998    0.586031947
         0.5026    0.869280797
         0.5054      1.4327926
         0.5082    0.566819097
          0.511    0.560624399
         0.5138     1.94085745
         0.5166     1.09707164
         0.5194     1.35659407
         0.5222    0.536834058
          0.525    0.265561549
         0.5278    0.262751393
         0.5306    0.779956826
         0.5334     1.28631632
         0.5362    0.763750372
          0.539     1.25972652
         0.5418     1.24673974
         0.5446              0
         0.5474     1.46563377
         0.5502    0.967169559
          0.553    0.957400232
         0.5558     0.47388909
         0.5586    0.703725343
         0.5614    0.232241048
         0.5642    0.229941646
          0.567     1.36605735
         0.5698    0.450888237
         0.5726     2.23244677
         0.5754    0.442154531
         0.5782     1.09470633
          0.581    0.216836074
         0.5838      1.0738055
         0.5866     1.48901037
         0.5894    0.421399031
         0.5922    0.626135385
          0.595     1.24051242
         0.5978     1.43373873
         0.6006     1.21748717
         0.6034      1.0051785
         0.6062    0.796731388
          0.609     1.18413295
         0.6118    0.977765836
         0.6146    0.387550841
         0.6174     1.15213083
         0.6202     1.33204322
          0.623      1.3200967
         0.6258     1.86901455
         0.6286     1.85240117
         0.6314    0.918004159
         0.6342    0.909916056
          0.637     1.62348187
         0.6398    0.894057257
         0.6426     1.24079604
         0.6454     1.40577516
         0.6482     1.04524235
          0.651     1.03627035
         0.6538    0.684942254
         0.6566     1.18844772
         0.6594    0.505018362
         0.6622    0.333837748
          0.665    0.331032401
         0.6678     0.82065567
         0.6706     1.79039719
         0.6734     1.45271388
         0.6762     1.28062936
          0.679    0.952566933
         0.6818     0.47237952
         0.6846     1.09322121
         0.6874    0.464714259
         0.6902     1.53650469
          0.693     1.37170221
         0.6958    0.604748698
         0.6986     1.19982146
         0.7014    0.892695873
         0.7042    0.738009177
          0.707      1.6107853
         0.7098       1.307538
         0.7126     1.29728284
         0.7154     1.14413143
         0.7182     1.13522771
          0.721    0.140803442
         0.7238     1.11772928
         0.7266     1.52505567
         0.7294     1.37579042
         0.7322    0.682644122
          0.735     0.67745293
         0.7378     1.21017731
         0.7406    0.800695955
         0.7434     1.58935141
         0.7462      1.5774462
          0.749     1.04378284
         0.7518       1.295028
         0.7546     0.89980466
         0.7574     1.53113838
         0.7602    0.759940026
          0.763     1.13155908
         0.7658    0.624055306
         0.7686     1.11513013
         0.7714      0.8610385
         0.7742    0.610586883
          0.777     0.84867186
         0.7798     0.84258821
         0.7826     1.79264945
         0.7854    0.830615528
         0.7882      1.4138137
          0.791     0.58492588
         0.7938     1.16161339
         0.7966    0.807423221
         0.7994    0.687237362
         0.8022      1.0236724
          0.805     1.35541811
         0.8078    0.897358723
         0.8106    0.556981288
         0.8134    0.663783899
         0.8162      1.4283478
          0.819    0.982106319
         0.8218    0.650283562
         0.8246    0.861166497
         0.8274    0.748429344
         0.8302     0.84958792
          0.833      1.0548575
         0.8358    0.838241297
         0.8386     1.66530607
         0.8414    0.827120474
         0.8442    0.410821435
          0.847    0.510137187
         0.8498     1.01356206
         0.8526     1.10760735
         0.8554     1.30043503
         0.8582     1.49072673
          0.861     1.08610092
         0.8638    0.980973782
         0.8666    0.584786961
         0.8694     1.35572799
         0.8722    0.577301765
          0.875     1.43403236
         0.8778    0.284979684
         0.8806     1.03829108
         0.8834    0.844134245
         0.8862     0.55920566
          0.889    0.648303427
         0.8918    0.828307079
         0.8946     1.28042471
         0.8974    0.999779792
         0.9002    0.812920905
          0.903    0.807887351
         0.9058    0.624478092
         0.9086    0.709297324
         0.9114     1.23365518
         0.9142     1.75158558
          0.917    0.522271562
         0.9198     1.03819333
         0.9226     1.28987658
         0.9254     1.02566623
         0.9282     1.18940212
          0.931     1.35115266
         0.9338     1.25912057
         0.9366      0.8344023
         0.9394    0.912379194
         0.9422      1.4016724
          0.945     0.81963441
         0.9478    0.896278701
         0.9506     1.21500884
         0.9534     0.64420411
         0.9562     1.68114671
          0.959     1.35299287
         0.9618    0.633000774
         0.9646     1.02266322
         0.9674      0.4692701
         0.9702    0.855369862
          0.973    0.773139957
         0.9758    0.614967492
         0.9786    0.840748424
         0.9814    0.759961677
         0.9842     1.20902995
          0.987    0.976771201
         0.9898    0.597693988
         0.9926    0.594326705
         0.9954    0.886481696
         0.9982     1.24881351
          1.001     1.24183692
         1.0038      1.5254877
         1.0066     1.22805797
         1.0094    0.933900378
         1.0122     1.42883187
          1.015    0.781527745
         1.0178    0.494603228
         1.0206     1.12432704
         1.0234     1.60738833
         1.0262    0.834067166
          1.029      1.1060456
         1.0318     1.10005078
         1.0346     1.23086765
         1.0374    0.816154836
         1.0402     1.55588659
          1.043    0.605560714
         1.0458     1.47234371
         1.0486    0.931948961
         1.0514    0.794564395
         1.0542     1.25138624
          1.057     1.24476516
         1.0598     1.17302826
         1.0626    0.842728204
         1.0654     1.03175931
         1.0682     1.41124148
          1.071    0.893373146
         1.0738    0.507840096
         1.0766    0.884103448
         1.0794    0.942345652
         1.0822    0.749980526
          1.085      1.1813482
         1.0878    0.804135144
         1.0906    0.676932707
         1.0934    0.918368374
         1.0962    0.913682829
          1.099     1.09083966
         1.1018    0.844124099
         1.1046     0.77986077
         1.1074     1.19372629
         1.1102    0.772013164
          1.113     1.00448254
         1.1158    0.940656516
         1.1186    0.526473698
         1.1214     0.87307983
         1.1242     1.04248339
          1.127     1.21019474
         1.1298    0.573430328
         1.1326    0.741778151
         1.1354    0.965239178
         1.1382     1.18649505
          1.141     1.01201049
         1.1438     1.56654057
         1.1466     1.11349923
         1.1494     1.38510094
         1.1522     1.15783681
          1.155     1.20709795
         1.1578    0.982854463
         1.1606     1.08679758
         1.1634     0.91933671
         1.1662    0.914927427
          1.169    0.535617524
         1.1718     1.17273394
         1.1746     1.00799275
         1.1774    0.686402867
         1.1802    0.998449675
          1.183    0.889125839
         1.1858      1.0410963
         1.1886     1.03619703
         1.1914      1.1860321
         1.1942    0.718551171
          1.197     1.22604593
         1.1998    0.711859229
         1.2026     1.11343298
         1.2054    0.705260338
         1.2082     1.30370546
          1.211     1.29768374
         1.2138     0.99361818
         1.2166    0.840692352
         1.2194     1.27986678
         1.2222     1.07800785
          1.225      1.3169685
         1.2278     1.16530547
         1.2306    0.966673857
         1.2334     1.15474783
         1.2362     1.05372917
          1.239    0.858249763
         1.2418    0.474657654
         1.2446    0.850543855
         1.2474     1.36417573
         1.2502    0.983431478
          1.253    0.839178141
         1.2558     1.06750687
         1.2586    0.739312974
         1.2614    0.736034428
         1.2642     1.19076367
          1.267    0.957524433
         1.2698    0.771724122
         1.2726     1.35587988
         1.2754    0.899955364
         1.2782    0.716813467
          1.281     1.29355095
         1.2838     1.28791457
         1.2866     1.06122616
         1.2894    0.968570302
         1.2922    0.964377362
          1.295     1.00385757
         1.2978     1.30373557
         1.3006    0.995231552
         1.3034     1.16330108
         1.3062    0.943815535
          1.309     0.93978214
         1.3118    0.893239338
         1.3146    0.762375706
         1.3174     1.05435895
         1.3202    0.629934801
          1.323     0.58545315
         1.3258     1.29089068
         1.3286    0.870792336
         1.3314    0.619381106
         1.3342     1.43916295
          1.337      1.0646193
         1.3398     0.97862227
         1.3426    0.852726596
         1.3454     1.25355284
         1.3482     1.44969838
          1.351    0.922361013
         1.3538    0.878612668
         1.3566    0.755672773
         1.3594    0.792171592
         1.3622     0.82836424
          1.365     1.21781184
         1.3678    0.938965948
         1.3706      1.1299529
         1.3734     1.04773989
         1.3762     1.04348079
          1.379     1.00075695
         1.3818     0.80503121
         1.3846    0.878138425
         1.3874    0.608415685
         1.3902    0.984696919
          1.393     1.01846318
         1.3958     1.27736887
         1.3986     1.08516243
